"../../../_Games/NetShootGame/Content/Mannequin/Character/Mesh/SK_Mannequin_Skeleton.uasset" 0
"../../../_Games/NetShootGame/Content/Mannequin/Character/Mesh/SK_Mannequin_Skeleton.uexp" 1
"../../../_Games/NetShootGame/Content/Mannequin/Animations/ThirdPerson_Jump.uasset" 2
"../../../_Games/NetShootGame/Content/Mannequin/Animations/ThirdPerson_Jump.uexp" 3
"../../../_Games/NetShootGame/Content/Mannequin/Character/Mesh/SK_Mannequin_PhysicsAsset.uasset" 4
"../../../_Games/NetShootGame/Content/Mannequin/Character/Mesh/SK_Mannequin_PhysicsAsset.uexp" 5
"../../../Engine/Content/EngineResources/AICON-Green.uasset" 6
"../../../Engine/Content/EngineResources/AICON-Green.uexp" 7
"../../../_Games/NetShootGame/Content/AUI/SubWidget/RoomPlayerTag.uasset" 8
"../../../_Games/NetShootGame/Content/AUI/SubWidget/RoomPlayerTag.uexp" 9
"../../../Engine/Content/Functions/Engine_MaterialFunctions02/Utility/BreakOutFloat2Components.uasset" 10
"../../../Engine/Content/Functions/Engine_MaterialFunctions02/Utility/BreakOutFloat2Components.uexp" 11
"../../../_Games/NetShootGame/Content/AUI/Material/SessionItemCurve.uasset" 12
"../../../_Games/NetShootGame/Content/AUI/Material/SessionItemCurve.uexp" 13
"../../../_Games/NetShootGame/Content/AUI/Material/SessionItemCurveInstance.uasset" 14
"../../../_Games/NetShootGame/Content/AUI/Material/SessionItemCurveInstance.uexp" 15
"../../../_Games/NetShootGame/Content/AUI/Material/SessionItemMaterial.uasset" 16
"../../../_Games/NetShootGame/Content/AUI/Material/SessionItemMaterial.uexp" 17
"../../../Engine/Content/EditorBlueprintResources/StandardMacros.uasset" 18
"../../../Engine/Content/EditorBlueprintResources/StandardMacros.uexp" 19
"../../../_Games/NetShootGame/Content/AUI/SessionRoomSimple.uasset" 20
"../../../_Games/NetShootGame/Content/AUI/SessionRoomSimple.uexp" 21
"../../../_Games/NetShootGame/Content/AUI/SubWidget/SessionItems.uasset" 22
"../../../_Games/NetShootGame/Content/AUI/SubWidget/SessionItems.uexp" 23
"../../../Engine/Content/VREditor/Sounds/UI/Selection_Changes.uasset" 24
"../../../Engine/Content/VREditor/Sounds/UI/Selection_Changes.uexp" 25
"../../../Engine/Content/VREditor/Sounds/UI/Floating_UI_Close-002.uasset" 26
"../../../Engine/Content/VREditor/Sounds/UI/Floating_UI_Close-002.uexp" 27
"../../../_Games/NetShootGame/Content/AUI/Material/UIButtionMaterial.uasset" 28
"../../../_Games/NetShootGame/Content/AUI/Material/UIButtionMaterial.uexp" 29
"../../../_Games/NetShootGame/Content/AUI/MainMenu.uasset" 30
"../../../_Games/NetShootGame/Content/AUI/MainMenu.uexp" 31
"../../../_Games/NetShootGame/Content/AUI/LoadingOverall.uasset" 32
"../../../_Games/NetShootGame/Content/AUI/LoadingOverall.uexp" 33
"../../../_Games/NetShootGame/Content/Mannequin/Character/Textures/UE4Man_Logo_N.uasset" 34
"../../../_Games/NetShootGame/Content/Mannequin/Character/Textures/UE4Man_Logo_N.uexp" 35
"../../../_Games/NetShootGame/Content/Mannequin/Character/Textures/UE4Man_Logo_N.ubulk" 36
"../../../_Games/NetShootGame/Content/Mannequin/Character/Textures/T_UE4_Mannequin_Mobile_N.uasset" 37
"../../../_Games/NetShootGame/Content/Mannequin/Character/Textures/T_UE4_Mannequin_Mobile_N.uexp" 38
"../../../_Games/NetShootGame/Content/Mannequin/Character/Textures/T_UE4_Mannequin_Mobile_N.ubulk" 39
"../../../_Games/NetShootGame/Content/Mannequin/Character/Textures/T_UE4_Mannequin_Mobile_M.uasset" 40
"../../../_Games/NetShootGame/Content/Mannequin/Character/Textures/T_UE4_Mannequin_Mobile_M.uexp" 41
"../../../_Games/NetShootGame/Content/Mannequin/Character/Textures/T_UE4_Mannequin_Mobile_M.ubulk" 42
"../../../_Games/NetShootGame/Content/Mannequin/Character/Materials/MaterialLayers/T_ML_Aluminum01_N.uasset" 43
"../../../_Games/NetShootGame/Content/Mannequin/Character/Materials/MaterialLayers/T_ML_Aluminum01_N.uexp" 44
"../../../_Games/NetShootGame/Content/Mannequin/Character/Materials/MaterialLayers/T_ML_Aluminum01_N.ubulk" 45
"../../../_Games/NetShootGame/Content/Mannequin/Character/Materials/MaterialLayers/T_ML_Aluminum01.uasset" 46
"../../../_Games/NetShootGame/Content/Mannequin/Character/Materials/MaterialLayers/T_ML_Aluminum01.uexp" 47
"../../../_Games/NetShootGame/Content/Mannequin/Character/Materials/MaterialLayers/T_ML_Aluminum01.ubulk" 48
"../../../_Games/NetShootGame/Content/Mannequin/Character/Materials/MaterialLayers/ML_SoftMetal_UE4.uasset" 49
"../../../_Games/NetShootGame/Content/Mannequin/Character/Materials/MaterialLayers/ML_SoftMetal_UE4.uexp" 50
"../../../_Games/NetShootGame/Content/Mannequin/Character/Textures/UE4_LOGO_CARD.uasset" 51
"../../../_Games/NetShootGame/Content/Mannequin/Character/Textures/UE4_LOGO_CARD.uexp" 52
"../../../_Games/NetShootGame/Content/Mannequin/Character/Textures/UE4_LOGO_CARD.ubulk" 53
"../../../_Games/NetShootGame/Content/Mannequin/Character/Materials/MaterialLayers/ML_Plastic_Shiny_Beige_LOGO.uasset" 54
"../../../_Games/NetShootGame/Content/Mannequin/Character/Materials/MaterialLayers/ML_Plastic_Shiny_Beige_LOGO.uexp" 55
"../../../_Games/NetShootGame/Content/Mannequin/Character/Materials/MaterialLayers/ML_Plastic_Shiny_Beige.uasset" 56
"../../../_Games/NetShootGame/Content/Mannequin/Character/Materials/MaterialLayers/ML_Plastic_Shiny_Beige.uexp" 57
"../../../_Games/NetShootGame/Content/Mannequin/Character/Materials/MaterialLayers/T_ML_Rubber_Blue_01_N.uasset" 58
"../../../_Games/NetShootGame/Content/Mannequin/Character/Materials/MaterialLayers/T_ML_Rubber_Blue_01_N.uexp" 59
"../../../_Games/NetShootGame/Content/Mannequin/Character/Materials/MaterialLayers/T_ML_Rubber_Blue_01_N.ubulk" 60
"../../../_Games/NetShootGame/Content/Mannequin/Character/Materials/MaterialLayers/T_ML_Rubber_Blue_01_D.uasset" 61
"../../../_Games/NetShootGame/Content/Mannequin/Character/Materials/MaterialLayers/T_ML_Rubber_Blue_01_D.uexp" 62
"../../../_Games/NetShootGame/Content/Mannequin/Character/Materials/MaterialLayers/T_ML_Rubber_Blue_01_D.ubulk" 63
"../../../_Games/NetShootGame/Content/Mannequin/Character/Materials/MaterialLayers/ML_GlossyBlack_Latex_UE4.uasset" 64
"../../../_Games/NetShootGame/Content/Mannequin/Character/Materials/MaterialLayers/ML_GlossyBlack_Latex_UE4.uexp" 65
"../../../Engine/Content/Functions/MaterialLayerFunctions/MatLayerBlend_Simple.uasset" 66
"../../../Engine/Content/Functions/MaterialLayerFunctions/MatLayerBlend_Simple.uexp" 67
"../../../Engine/Content/Functions/Engine_MaterialFunctions02/Utility/BlendAngleCorrectedNormals.uasset" 68
"../../../Engine/Content/Functions/Engine_MaterialFunctions02/Utility/BlendAngleCorrectedNormals.uexp" 69
"../../../Engine/Content/Functions/MaterialLayerFunctions/MatLayerBlend_NormalBlend.uasset" 70
"../../../Engine/Content/Functions/MaterialLayerFunctions/MatLayerBlend_NormalBlend.uexp" 71
"../../../_Games/NetShootGame/Content/Mannequin/Character/Materials/M_UE4Man_Body.uasset" 72
"../../../_Games/NetShootGame/Content/Mannequin/Character/Materials/M_UE4Man_Body.uexp" 73
"../../../_Games/NetShootGame/Content/Mannequin/Character/Materials/M_UE4Man_ChestLogo.uasset" 74
"../../../_Games/NetShootGame/Content/Mannequin/Character/Materials/M_UE4Man_ChestLogo.uexp" 75
"../../../_Games/NetShootGame/Content/Mannequin/Character/Mesh/SK_Mannequin.uasset" 76
"../../../_Games/NetShootGame/Content/Mannequin/Character/Mesh/SK_Mannequin.uexp" 77
"../../../_Games/NetShootGame/Content/Mannequin/Animations/ThirdPersonWalk.uasset" 78
"../../../_Games/NetShootGame/Content/Mannequin/Animations/ThirdPersonWalk.uexp" 79
"../../../_Games/NetShootGame/Content/Mannequin/Animations/ThirdPersonRun.uasset" 80
"../../../_Games/NetShootGame/Content/Mannequin/Animations/ThirdPersonRun.uexp" 81
"../../../_Games/NetShootGame/Content/Mannequin/Animations/ThirdPersonIdle.uasset" 82
"../../../_Games/NetShootGame/Content/Mannequin/Animations/ThirdPersonIdle.uexp" 83
"../../../_Games/NetShootGame/Content/Mannequin/Animations/ThirdPerson_IdleRun_2D.uasset" 84
"../../../_Games/NetShootGame/Content/Mannequin/Animations/ThirdPerson_IdleRun_2D.uexp" 85
"../../../_Games/NetShootGame/Content/Mannequin/Animations/ThirdPersonJump_Start.uasset" 86
"../../../_Games/NetShootGame/Content/Mannequin/Animations/ThirdPersonJump_Start.uexp" 87
"../../../_Games/NetShootGame/Content/Mannequin/Animations/ThirdPersonJump_Loop.uasset" 88
"../../../_Games/NetShootGame/Content/Mannequin/Animations/ThirdPersonJump_Loop.uexp" 89
"../../../_Games/NetShootGame/Content/Mannequin/Animations/ThirdPersonJump_End.uasset" 90
"../../../_Games/NetShootGame/Content/Mannequin/Animations/ThirdPersonJump_End.uexp" 91
"../../../_Games/NetShootGame/Content/Mannequin/Animations/ThirdPerson_AnimBP.uasset" 92
"../../../_Games/NetShootGame/Content/Mannequin/Animations/ThirdPerson_AnimBP.uexp" 93
"../../../_Games/NetShootGame/Content/ThirdPersonCPP/Blueprints/ThirdPersonCharacter.uasset" 94
"../../../_Games/NetShootGame/Content/ThirdPersonCPP/Blueprints/ThirdPersonCharacter.uexp" 95
"../../../_Games/NetShootGame/Content/AGamePlay/BP_NetShootGameInstance.uasset" 96
"../../../_Games/NetShootGame/Content/AGamePlay/BP_NetShootGameInstance.uexp" 97
"../../../_Games/NetShootGame/Content/AUI/SessionRoom.uasset" 98
"../../../_Games/NetShootGame/Content/AUI/SessionRoom.uexp" 99
"../../../Engine/Content/Animation/DefaultAnimBoneCompressionSettings.uasset" 100
"../../../Engine/Content/Animation/DefaultAnimBoneCompressionSettings.uexp" 101
"../../../Engine/Content/Animation/DefaultAnimCurveCompressionSettings.uasset" 102
"../../../Engine/Content/Animation/DefaultAnimCurveCompressionSettings.uexp" 103
"../../../Engine/Content/EngineMaterials/T_Default_Material_Grid_N.uasset" 104
"../../../Engine/Content/EngineMaterials/T_Default_Material_Grid_N.uexp" 105
"../../../Engine/Content/EngineMaterials/T_Default_Material_Grid_N.ubulk" 106
"../../../Engine/Content/EngineMaterials/T_Default_Material_Grid_M.uasset" 107
"../../../Engine/Content/EngineMaterials/T_Default_Material_Grid_M.uexp" 108
"../../../Engine/Content/EngineMaterials/T_Default_Material_Grid_M.ubulk" 109
"../../../Engine/Content/Functions/Engine_MaterialFunctions01/Opacity/CameraDepthFade.uasset" 110
"../../../Engine/Content/Functions/Engine_MaterialFunctions01/Opacity/CameraDepthFade.uexp" 111
"../../../Engine/Content/EngineMaterials/WorldGridMaterial.uasset" 112
"../../../Engine/Content/EngineMaterials/WorldGridMaterial.uexp" 113
"../../../Engine/Content/ArtTools/RenderToTexture/Meshes/S_1_Unit_Plane.uasset" 114
"../../../Engine/Content/ArtTools/RenderToTexture/Meshes/S_1_Unit_Plane.uexp" 115
"../../../Engine/Content/EngineMaterials/DefaultMaterial.uasset" 116
"../../../Engine/Content/EngineMaterials/DefaultMaterial.uexp" 117
"../../../Engine/Content/BasicShapes/Cone.uasset" 118
"../../../Engine/Content/BasicShapes/Cone.uexp" 119
"../../../Engine/Content/BasicShapes/Cube.uasset" 120
"../../../Engine/Content/BasicShapes/Cube.uexp" 121
"../../../Engine/Content/BasicShapes/Sphere.uasset" 122
"../../../Engine/Content/BasicShapes/Sphere.uexp" 123
"../../../Engine/Content/EditorLandscapeResources/DataLayer.uasset" 124
"../../../Engine/Content/EditorLandscapeResources/DataLayer.uexp" 125
"../../../Engine/Content/EditorLandscapeResources/DefaultAlphaTexture.uasset" 126
"../../../Engine/Content/EditorLandscapeResources/DefaultAlphaTexture.uexp" 127
"../../../Engine/Content/EditorMaterials/MAT_Groups_Toggle.uasset" 128
"../../../Engine/Content/EditorMaterials/MAT_Groups_Toggle.uexp" 129
"../../../Engine/Content/EditorMaterials/MAT_Groups_Visibility.uasset" 130
"../../../Engine/Content/EditorMaterials/MAT_Groups_Visibility.uexp" 131
"../../../Engine/Content/EditorMaterials/PreviewShadowIndicator.uasset" 132
"../../../Engine/Content/EditorMaterials/PreviewShadowIndicator.uexp" 133
"../../../Engine/Content/EditorMaterials/PreviewShadowIndicator.ubulk" 134
"../../../Engine/Content/EditorMaterials/PreviewShadowIndicatorMaterial.uasset" 135
"../../../Engine/Content/EditorMaterials/PreviewShadowIndicatorMaterial.uexp" 136
"../../../Engine/Content/EditorMaterials/MatineeGroups/MAT_ColorTrack.uasset" 137
"../../../Engine/Content/EditorMaterials/MatineeGroups/MAT_ColorTrack.uexp" 138
"../../../Engine/Content/EditorMaterials/MatineeGroups/MAT_Groups_Anim.uasset" 139
"../../../Engine/Content/EditorMaterials/MatineeGroups/MAT_Groups_Anim.uexp" 140
"../../../Engine/Content/EditorMaterials/MatineeGroups/MAT_Groups_AudioMaster.uasset" 141
"../../../Engine/Content/EditorMaterials/MatineeGroups/MAT_Groups_AudioMaster.uexp" 142
"../../../Engine/Content/EditorMaterials/MatineeGroups/MAT_Groups_Director.uasset" 143
"../../../Engine/Content/EditorMaterials/MatineeGroups/MAT_Groups_Director.uexp" 144
"../../../Engine/Content/EditorMaterials/MatineeGroups/MAT_Groups_Event.uasset" 145
"../../../Engine/Content/EditorMaterials/MatineeGroups/MAT_Groups_Event.uexp" 146
"../../../Engine/Content/EditorMaterials/MatineeGroups/MAT_Groups_Fade.uasset" 147
"../../../Engine/Content/EditorMaterials/MatineeGroups/MAT_Groups_Fade.uexp" 148
"../../../Engine/Content/EditorMaterials/MatineeGroups/MAT_Groups_Float.uasset" 149
"../../../Engine/Content/EditorMaterials/MatineeGroups/MAT_Groups_Float.uexp" 150
"../../../Engine/Content/EditorMaterials/MatineeGroups/MAT_Groups_Move.uasset" 151
"../../../Engine/Content/EditorMaterials/MatineeGroups/MAT_Groups_Move.uexp" 152
"../../../Engine/Content/EditorMaterials/MatineeGroups/MAT_Groups_Slomo.uasset" 153
"../../../Engine/Content/EditorMaterials/MatineeGroups/MAT_Groups_Slomo.uexp" 154
"../../../Engine/Content/EditorMaterials/MatineeGroups/MAT_Groups_Sound.uasset" 155
"../../../Engine/Content/EditorMaterials/MatineeGroups/MAT_Groups_Sound.uexp" 156
"../../../Engine/Content/EditorMaterials/MatineeGroups/MAT_Groups_Vector.uasset" 157
"../../../Engine/Content/EditorMaterials/MatineeGroups/MAT_Groups_Vector.uexp" 158
"../../../Engine/Content/EditorMaterials/ParticleSystems/PSysThumbnail_NoImage.uasset" 159
"../../../Engine/Content/EditorMaterials/ParticleSystems/PSysThumbnail_NoImage.uexp" 160
"../../../Engine/Content/EditorMaterials/ParticleSystems/PSysThumbnail_NoImage.ubulk" 161
"../../../Engine/Content/EditorMaterials/ParticleSystems/PSysThumbnail_OOD.uasset" 162
"../../../Engine/Content/EditorMaterials/ParticleSystems/PSysThumbnail_OOD.uexp" 163
"../../../Engine/Content/EditorMaterials/ParticleSystems/PSysThumbnail_OOD.ubulk" 164
"../../../Engine/Content/EditorMaterials/Camera/CineMat.uasset" 165
"../../../Engine/Content/EditorMaterials/Camera/CineMat.uexp" 166
"../../../Engine/Content/EditorMaterials/Camera/MI_CineMat_Rig.uasset" 167
"../../../Engine/Content/EditorMaterials/Camera/MI_CineMat_Rig.uexp" 168
"../../../Engine/Content/EditorMeshes/Camera/SM_CraneRig_Arm.uasset" 169
"../../../Engine/Content/EditorMeshes/Camera/SM_CraneRig_Arm.uexp" 170
"../../../Engine/Content/EditorMeshes/Camera/SM_CraneRig_Base.uasset" 171
"../../../Engine/Content/EditorMeshes/Camera/SM_CraneRig_Base.uexp" 172
"../../../Engine/Content/EditorMeshes/Camera/SM_CraneRig_Body.uasset" 173
"../../../Engine/Content/EditorMeshes/Camera/SM_CraneRig_Body.uexp" 174
"../../../Engine/Content/EditorMeshes/Camera/SM_CraneRig_Mount.uasset" 175
"../../../Engine/Content/EditorMeshes/Camera/SM_CraneRig_Mount.uexp" 176
"../../../Engine/Content/EditorMeshes/Camera/SM_RailRig_Mount.uasset" 177
"../../../Engine/Content/EditorMeshes/Camera/SM_RailRig_Mount.uexp" 178
"../../../Engine/Content/EditorMeshes/Camera/SM_RailRig_Track.uasset" 179
"../../../Engine/Content/EditorMeshes/Camera/SM_RailRig_Track.uexp" 180
"../../../Engine/Content/EditorResources/BSPVertex.uasset" 181
"../../../Engine/Content/EditorResources/BSPVertex.uexp" 182
"../../../Engine/Content/EditorResources/EmptyActor.uasset" 183
"../../../Engine/Content/EditorResources/EmptyActor.uexp" 184
"../../../Engine/Content/EditorResources/S_Actor.uasset" 185
"../../../Engine/Content/EditorResources/S_Actor.uexp" 186
"../../../Engine/Content/EditorResources/S_Actor.ubulk" 187
"../../../Engine/Content/EditorResources/S_Note.uasset" 188
"../../../Engine/Content/EditorResources/S_Note.uexp" 189
"../../../Engine/Content/EditorResources/S_Note.ubulk" 190
"../../../Engine/Content/EditorResources/S_Solver.uasset" 191
"../../../Engine/Content/EditorResources/S_Solver.uexp" 192
"../../../Engine/Content/EditorResources/S_Solver.ubulk" 193
"../../../Engine/Content/EditorResources/S_Terrain.uasset" 194
"../../../Engine/Content/EditorResources/S_Terrain.uexp" 195
"../../../Engine/Content/EditorResources/S_Terrain.ubulk" 196
"../../../Engine/Content/EditorResources/S_Trigger.uasset" 197
"../../../Engine/Content/EditorResources/S_Trigger.uexp" 198
"../../../Engine/Content/EditorResources/S_Trigger.ubulk" 199
"../../../Engine/Content/EditorResources/LightIcons/S_LightError.uasset" 200
"../../../Engine/Content/EditorResources/LightIcons/S_LightError.uexp" 201
"../../../Engine/Content/EditorResources/SequenceRecorder/Countdown.uasset" 202
"../../../Engine/Content/EditorResources/SequenceRecorder/Countdown.uexp" 203
"../../../Engine/Content/EditorResources/SequenceRecorder/RecordingIndicator.uasset" 204
"../../../Engine/Content/EditorResources/SequenceRecorder/RecordingIndicator.uexp" 205
"../../../Engine/Content/EngineDamageTypes/DmgTypeBP_Environmental.uasset" 206
"../../../Engine/Content/EngineDamageTypes/DmgTypeBP_Environmental.uexp" 207
"../../../Engine/Content/EngineDebugMaterials/DebugEditorMaterial.uasset" 208
"../../../Engine/Content/EngineDebugMaterials/DebugEditorMaterial.uexp" 209
"../../../Engine/Content/EngineDebugMaterials/DebugMeshMaterial.uasset" 210
"../../../Engine/Content/EngineDebugMaterials/DebugMeshMaterial.uexp" 211
"../../../Engine/Content/EngineDebugMaterials/M_SimpleUnlitTranslucent.uasset" 212
"../../../Engine/Content/EngineDebugMaterials/M_SimpleUnlitTranslucent.uexp" 213
"../../../Engine/Content/EngineDebugMaterials/VolumeToRender.uasset" 214
"../../../Engine/Content/EngineDebugMaterials/VolumeToRender.uexp" 215
"../../../Engine/Content/Functions/Engine_MaterialFunctions02/Utility/CameraDirectionVector.uasset" 216
"../../../Engine/Content/Functions/Engine_MaterialFunctions02/Utility/CameraDirectionVector.uexp" 217
"../../../Engine/Content/EngineDebugMaterials/M_VolumeRenderSphereTracePP.uasset" 218
"../../../Engine/Content/EngineDebugMaterials/M_VolumeRenderSphereTracePP.uexp" 219
"../../../Engine/Content/Functions/Engine_MaterialFunctions01/Shading/ConvertFromDiffSpec.uasset" 220
"../../../Engine/Content/Functions/Engine_MaterialFunctions01/Shading/ConvertFromDiffSpec.uexp" 221
"../../../Engine/Content/EngineDebugMaterials/VertexColorMaterial.uasset" 222
"../../../Engine/Content/EngineDebugMaterials/VertexColorMaterial.uexp" 223
"../../../Engine/Content/EngineDebugMaterials/WireframeMaterial.uasset" 224
"../../../Engine/Content/EngineDebugMaterials/WireframeMaterial.uexp" 225
"../../../Engine/Content/EngineFonts/Faces/RobotoRegular.uasset" 226
"../../../Engine/Content/EngineFonts/Faces/RobotoRegular.uexp" 227
"../../../Engine/Content/EngineFonts/Faces/RobotoRegular.ufont" 228
"../../../Engine/Content/EngineFonts/Faces/RobotoLight.uasset" 229
"../../../Engine/Content/EngineFonts/Faces/RobotoLight.uexp" 230
"../../../Engine/Content/EngineFonts/Faces/RobotoLight.ufont" 231
"../../../Engine/Content/EngineFonts/Faces/RobotoItalic.uasset" 232
"../../../Engine/Content/EngineFonts/Faces/RobotoItalic.uexp" 233
"../../../Engine/Content/EngineFonts/Faces/RobotoItalic.ufont" 234
"../../../Engine/Content/EngineFonts/Faces/RobotoBoldItalic.uasset" 235
"../../../Engine/Content/EngineFonts/Faces/RobotoBoldItalic.uexp" 236
"../../../Engine/Content/EngineFonts/Faces/RobotoBoldItalic.ufont" 237
"../../../Engine/Content/EngineFonts/Faces/RobotoBold.uasset" 238
"../../../Engine/Content/EngineFonts/Faces/RobotoBold.uexp" 239
"../../../Engine/Content/EngineFonts/Faces/RobotoBold.ufont" 240
"../../../Engine/Content/EngineFonts/Faces/DroidSansFallback.uasset" 241
"../../../Engine/Content/EngineFonts/Faces/DroidSansFallback.uexp" 242
"../../../Engine/Content/EngineFonts/Faces/DroidSansFallback.ufont" 243
"../../../Engine/Content/EngineFonts/Roboto.uasset" 244
"../../../Engine/Content/EngineFonts/Roboto.uexp" 245
"../../../Engine/Content/EngineMaterials/BaseFlattenNormalMap.uasset" 246
"../../../Engine/Content/EngineMaterials/BaseFlattenNormalMap.uexp" 247
"../../../Engine/Content/EngineMaterials/BaseFlattenGrayscaleMap.uasset" 248
"../../../Engine/Content/EngineMaterials/BaseFlattenGrayscaleMap.uexp" 249
"../../../Engine/Content/EngineMaterials/BaseFlattenEmissiveMap.uasset" 250
"../../../Engine/Content/EngineMaterials/BaseFlattenEmissiveMap.uexp" 251
"../../../Engine/Content/EngineMaterials/BaseFlattenDiffuseMap.uasset" 252
"../../../Engine/Content/EngineMaterials/BaseFlattenDiffuseMap.uexp" 253
"../../../Engine/Content/EngineMaterials/BaseFlattenMaterial.uasset" 254
"../../../Engine/Content/EngineMaterials/BaseFlattenMaterial.uexp" 255
"../../../Engine/Content/EngineMaterials/BlueNoise.uasset" 256
"../../../Engine/Content/EngineMaterials/BlueNoise.uexp" 257
"../../../Engine/Content/EngineMaterials/DefaultBloomKernel.uasset" 258
"../../../Engine/Content/EngineMaterials/DefaultBloomKernel.uexp" 259
"../../../Engine/Content/EngineMaterials/DefaultBokeh.uasset" 260
"../../../Engine/Content/EngineMaterials/DefaultBokeh.uexp" 261
"../../../Engine/Content/EngineMaterials/DefaultDiffuse.uasset" 262
"../../../Engine/Content/EngineMaterials/DefaultDiffuse.uexp" 263
"../../../Engine/Content/EngineMaterials/DefaultDiffuse.ubulk" 264
"../../../Engine/Content/EngineMaterials/DefaultDeferredDecalMaterial.uasset" 265
"../../../Engine/Content/EngineMaterials/DefaultDeferredDecalMaterial.uexp" 266
"../../../Engine/Content/EngineMaterials/DefaultLightFunctionMaterial.uasset" 267
"../../../Engine/Content/EngineMaterials/DefaultLightFunctionMaterial.uexp" 268
"../../../Engine/Content/EngineMaterials/DefaultPhysicalMaterial.uasset" 269
"../../../Engine/Content/EngineMaterials/DefaultPhysicalMaterial.uexp" 270
"../../../Engine/Content/EngineMaterials/DefaultPostProcessMaterial.uasset" 271
"../../../Engine/Content/EngineMaterials/DefaultPostProcessMaterial.uexp" 272
"../../../Engine/Content/EngineFonts/RobotoDistanceField.uasset" 273
"../../../Engine/Content/EngineFonts/RobotoDistanceField.uexp" 274
"../../../Engine/Content/EngineMaterials/DefaultTextMaterialOpaque.uasset" 275
"../../../Engine/Content/EngineMaterials/DefaultTextMaterialOpaque.uexp" 276
"../../../Engine/Content/EngineMaterials/DefaultWhiteGrid.uasset" 277
"../../../Engine/Content/EngineMaterials/DefaultWhiteGrid.uexp" 278
"../../../Engine/Content/EngineMaterials/DefaultWhiteGrid.ubulk" 279
"../../../Engine/Content/EngineMaterials/DefaultWhiteGrid_Low.uasset" 280
"../../../Engine/Content/EngineMaterials/DefaultWhiteGrid_Low.uexp" 281
"../../../Engine/Content/EngineMaterials/EmissiveMeshMaterial.uasset" 282
"../../../Engine/Content/EngineMaterials/EmissiveMeshMaterial.uexp" 283
"../../../Engine/Content/EngineMaterials/GizmoMaterial.uasset" 284
"../../../Engine/Content/EngineMaterials/GizmoMaterial.uexp" 285
"../../../Engine/Content/EngineMaterials/Good64x64TilingNoiseHighFreq.uasset" 286
"../../../Engine/Content/EngineMaterials/Good64x64TilingNoiseHighFreq.uexp" 287
"../../../Engine/Content/EngineMaterials/MiniFont.uasset" 288
"../../../Engine/Content/EngineMaterials/MiniFont.uexp" 289
"../../../Engine/Content/EngineMaterials/InvalidLightmapSettings.uasset" 290
"../../../Engine/Content/EngineMaterials/InvalidLightmapSettings.uexp" 291
"../../../Engine/Content/EngineMaterials/InvalidLightmapSettings.ubulk" 292
"../../../Engine/Content/EngineMaterials/M_InvalidLightmapSettings.uasset" 293
"../../../Engine/Content/EngineMaterials/M_InvalidLightmapSettings.uexp" 294
"../../../Engine/Content/Functions/Engine_MaterialFunctions02/WorldPositionOffset/CameraOffset.uasset" 295
"../../../Engine/Content/Functions/Engine_MaterialFunctions02/WorldPositionOffset/CameraOffset.uexp" 296
"../../../Engine/Content/EngineMaterials/PhAT_JointLimitMaterial.uasset" 297
"../../../Engine/Content/EngineMaterials/PhAT_JointLimitMaterial.uexp" 298
"../../../Engine/Content/EngineMaterials/DefaultCalibrationColor.uasset" 299
"../../../Engine/Content/EngineMaterials/DefaultCalibrationColor.uexp" 300
"../../../Engine/Content/EngineMaterials/PPM_DefaultCalibrationColor.uasset" 301
"../../../Engine/Content/EngineMaterials/PPM_DefaultCalibrationColor.uexp" 302
"../../../Engine/Content/EngineMaterials/DefaultCalibrationGrayscale.uasset" 303
"../../../Engine/Content/EngineMaterials/DefaultCalibrationGrayscale.uexp" 304
"../../../Engine/Content/EngineMaterials/PPM_DefaultCalibrationGrayscale.uasset" 305
"../../../Engine/Content/EngineMaterials/PPM_DefaultCalibrationGrayscale.uexp" 306
"../../../Engine/Content/EngineMaterials/PreintegratedSkinBRDF.uasset" 307
"../../../Engine/Content/EngineMaterials/PreintegratedSkinBRDF.uexp" 308
"../../../Engine/Content/EngineMaterials/RemoveSurfaceMaterial.uasset" 309
"../../../Engine/Content/EngineMaterials/RemoveSurfaceMaterial.uexp" 310
"../../../Engine/Content/EngineMaterials/WeightMapPlaceholderTexture.uasset" 311
"../../../Engine/Content/EngineMaterials/WeightMapPlaceholderTexture.uexp" 312
"../../../Engine/Content/EngineResources/WhiteSquareTexture.uasset" 313
"../../../Engine/Content/EngineResources/WhiteSquareTexture.uexp" 314
"../../../Engine/Content/EngineMaterials/Widget3DPassThrough.uasset" 315
"../../../Engine/Content/EngineMaterials/Widget3DPassThrough.uexp" 316
"../../../Engine/Content/EngineMaterials/Widget3DPassThrough_Masked.uasset" 317
"../../../Engine/Content/EngineMaterials/Widget3DPassThrough_Masked.uexp" 318
"../../../Engine/Content/EngineMaterials/Widget3DPassThrough_Opaque.uasset" 319
"../../../Engine/Content/EngineMaterials/Widget3DPassThrough_Opaque.uexp" 320
"../../../Engine/Content/EngineMaterials/Widget3DPassThrough_Masked_OneSided.uasset" 321
"../../../Engine/Content/EngineMaterials/Widget3DPassThrough_Masked_OneSided.uexp" 322
"../../../Engine/Content/EngineMaterials/Widget3DPassThrough_Opaque_OneSided.uasset" 323
"../../../Engine/Content/EngineMaterials/Widget3DPassThrough_Opaque_OneSided.uexp" 324
"../../../Engine/Content/EngineMaterials/Widget3DPassThrough_Translucent.uasset" 325
"../../../Engine/Content/EngineMaterials/Widget3DPassThrough_Translucent.uexp" 326
"../../../Engine/Content/EngineMaterials/Widget3DPassThrough_Translucent_OneSided.uasset" 327
"../../../Engine/Content/EngineMaterials/Widget3DPassThrough_Translucent_OneSided.uexp" 328
"../../../Engine/Content/EngineMeshes/Cylinder.uasset" 329
"../../../Engine/Content/EngineMeshes/Cylinder.uexp" 330
"../../../Engine/Content/EngineMeshes/Sphere.uasset" 331
"../../../Engine/Content/EngineMeshes/Sphere.uexp" 332
"../../../Engine/Content/EngineResources/DefaultTexture.uasset" 333
"../../../Engine/Content/EngineResources/DefaultTexture.uexp" 334
"../../../Engine/Content/EngineResources/DefaultTexture.ubulk" 335
"../../../Engine/Content/EngineResources/DefaultTextureCube.uasset" 336
"../../../Engine/Content/EngineResources/DefaultTextureCube.uexp" 337
"../../../Engine/Content/EngineResources/DefaultVolumeTexture2D.uasset" 338
"../../../Engine/Content/EngineResources/DefaultVolumeTexture2D.uexp" 339
"../../../Engine/Content/EngineResources/DefaultVolumeTexture.uasset" 340
"../../../Engine/Content/EngineResources/DefaultVolumeTexture.uexp" 341
"../../../Engine/Content/EngineResources/GradientTexture0.uasset" 342
"../../../Engine/Content/EngineResources/GradientTexture0.uexp" 343
"../../../Engine/Content/EngineSky/VolumetricClouds/T_NoiseShape64.uasset" 344
"../../../Engine/Content/EngineSky/VolumetricClouds/T_NoiseShape64.uexp" 345
"../../../Engine/Content/EngineSky/VolumetricClouds/T_NoiseShape64.ubulk" 346
"../../../Engine/Content/EngineSky/VolumetricClouds/T_VolumeNoiseShape64.uasset" 347
"../../../Engine/Content/EngineSky/VolumetricClouds/T_VolumeNoiseShape64.uexp" 348
"../../../Engine/Content/EngineSky/VolumetricClouds/T_NoiseErosion.uasset" 349
"../../../Engine/Content/EngineSky/VolumetricClouds/T_NoiseErosion.uexp" 350
"../../../Engine/Content/EngineSky/VolumetricClouds/T_NoiseErosion.ubulk" 351
"../../../Engine/Content/EngineSky/VolumetricClouds/T_VolumeNoiseErosion32.uasset" 352
"../../../Engine/Content/EngineSky/VolumetricClouds/T_VolumeNoiseErosion32.uexp" 353
"../../../Engine/Content/EngineSky/VolumetricClouds/CloudWeatherTexture.uasset" 354
"../../../Engine/Content/EngineSky/VolumetricClouds/CloudWeatherTexture.uexp" 355
"../../../Engine/Content/EngineSky/VolumetricClouds/CloudGradientTexture.uasset" 356
"../../../Engine/Content/EngineSky/VolumetricClouds/CloudGradientTexture.uexp" 357
"../../../Engine/Content/Functions/Engine_MaterialFunctions02/Utility/MakeFloat2.uasset" 358
"../../../Engine/Content/Functions/Engine_MaterialFunctions02/Utility/MakeFloat2.uexp" 359
"../../../Engine/Content/EngineSky/VolumetricClouds/m_SimpleVolumetricCloud.uasset" 360
"../../../Engine/Content/EngineSky/VolumetricClouds/m_SimpleVolumetricCloud.uexp" 361
"../../../Engine/Content/EngineSky/VolumetricClouds/m_SimpleVolumetricCloud_Inst.uasset" 362
"../../../Engine/Content/EngineSky/VolumetricClouds/m_SimpleVolumetricCloud_Inst.uexp" 363
"../../../Engine/Content/EngineSounds/Master.uasset" 364
"../../../Engine/Content/EngineSounds/Master.uexp" 365
"../../../Engine/Content/Functions/Engine_MaterialFunctions01/Shading/PowerToRoughness.uasset" 366
"../../../Engine/Content/Functions/Engine_MaterialFunctions01/Shading/PowerToRoughness.uexp" 367
"../../../Engine/Content/Maps/Templates/Thumbnails/Default.uasset" 368
"../../../Engine/Content/Maps/Templates/Thumbnails/Default.uexp" 369
"../../../Engine/Content/Maps/Templates/Thumbnails/TimeOfDay.uasset" 370
"../../../Engine/Content/Maps/Templates/Thumbnails/TimeOfDay.uexp" 371
"../../../Engine/Content/Maps/Templates/Thumbnails/VR-Basic.uasset" 372
"../../../Engine/Content/Maps/Templates/Thumbnails/VR-Basic.uexp" 373
"../../../Engine/Content/MobileResources/T_MobileControls_texture.uasset" 374
"../../../Engine/Content/MobileResources/T_MobileControls_texture.uexp" 375
"../../../Engine/Content/MobileResources/T_MobileMenu2.uasset" 376
"../../../Engine/Content/MobileResources/T_MobileMenu2.uexp" 377
"../../../Engine/Content/MobileResources/HUD/AnalogHat.uasset" 378
"../../../Engine/Content/MobileResources/HUD/AnalogHat.uexp" 379
"../../../Engine/Content/MobileResources/HUD/VirtualJoystick_Thumb.uasset" 380
"../../../Engine/Content/MobileResources/HUD/VirtualJoystick_Thumb.uexp" 381
"../../../Engine/Content/MobileResources/HUD/VirtualJoystick_Background.uasset" 382
"../../../Engine/Content/MobileResources/HUD/VirtualJoystick_Background.uexp" 383
"../../../Engine/Content/MobileResources/HUD/DefaultVirtualJoysticks.uasset" 384
"../../../Engine/Content/MobileResources/HUD/DefaultVirtualJoysticks.uexp" 385
"../../../Engine/Content/MobileResources/HUD/LeftVirtualJoystickOnly.uasset" 386
"../../../Engine/Content/MobileResources/HUD/LeftVirtualJoystickOnly.uexp" 387
"../../../Engine/Content/MobileResources/HUD/MobileHUDButton1_off.uasset" 388
"../../../Engine/Content/MobileResources/HUD/MobileHUDButton1_off.uexp" 389
"../../../Engine/Content/MobileResources/HUD/MobileHUDButton1_on.uasset" 390
"../../../Engine/Content/MobileResources/HUD/MobileHUDButton1_on.uexp" 391
"../../../Engine/Content/MobileResources/HUD/MobileHUDButton2_off.uasset" 392
"../../../Engine/Content/MobileResources/HUD/MobileHUDButton2_off.uexp" 393
"../../../Engine/Content/MobileResources/HUD/MobileHUDButton2_on.uasset" 394
"../../../Engine/Content/MobileResources/HUD/MobileHUDButton2_on.uexp" 395
"../../../Engine/Content/MobileResources/HUD/MobileHUDButton3.uasset" 396
"../../../Engine/Content/MobileResources/HUD/MobileHUDButton3.uexp" 397
"../../../Engine/Content/MobileResources/HUD/MobileHUDButtonFire.uasset" 398
"../../../Engine/Content/MobileResources/HUD/MobileHUDButtonFire.uexp" 399
"../../../Engine/Content/MobileResources/HUD/MobileHUDDirectionPad.uasset" 400
"../../../Engine/Content/MobileResources/HUD/MobileHUDDirectionPad.uexp" 401
"../../../Engine/Content/MobileResources/HUD/MobileHUDDirectionPad2.uasset" 402
"../../../Engine/Content/MobileResources/HUD/MobileHUDDirectionPad2.uexp" 403
"../../../Engine/Content/MobileResources/HUD/MobileHUDDirectionPad3.uasset" 404
"../../../Engine/Content/MobileResources/HUD/MobileHUDDirectionPad3.uexp" 405
"../../../Engine/Content/MobileResources/HUD/MobileHUDDirectionStick.uasset" 406
"../../../Engine/Content/MobileResources/HUD/MobileHUDDirectionStick.uexp" 407
"../../../Engine/Content/MobileResources/HUD/T_Castle_ThumbstickInner.uasset" 408
"../../../Engine/Content/MobileResources/HUD/T_Castle_ThumbstickInner.uexp" 409
"../../../Engine/Content/MobileResources/HUD/T_Castle_ThumbstickOutter.uasset" 410
"../../../Engine/Content/MobileResources/HUD/T_Castle_ThumbstickOutter.uexp" 411
"../../../Engine/Content/Tutorial/ContentIntroCurve.uasset" 412
"../../../Engine/Content/Tutorial/ContentIntroCurve.uexp" 413
"../../../Engine/Content/VREditor/TransformGizmo/TranslucentTransformGizmoMaterial.uasset" 414
"../../../Engine/Content/VREditor/TransformGizmo/TranslucentTransformGizmoMaterial.uexp" 415
"../../../Engine/Content/VREditor/LaserPointer/VR_LaserPower_01.uasset" 416
"../../../Engine/Content/VREditor/LaserPointer/VR_LaserPower_01.uexp" 417
"../../../Engine/Content/VREditor/LaserPointer/VR_LaserPower_01.ubulk" 418
"../../../Engine/Content/VREditor/TransformGizmo/TransformGizmoMaterial.uasset" 419
"../../../Engine/Content/VREditor/TransformGizmo/TransformGizmoMaterial.uexp" 420
"../../../Engine/Content/VREditor/TransformGizmo/BoundingBoxCorner.uasset" 421
"../../../Engine/Content/VREditor/TransformGizmo/BoundingBoxCorner.uexp" 422
"../../../Engine/Content/VREditor/TransformGizmo/BoundingBoxEdge.uasset" 423
"../../../Engine/Content/VREditor/TransformGizmo/BoundingBoxEdge.uexp" 424
"../../../Engine/Content/VREditor/TransformGizmo/PlaneTranslationHandle.uasset" 425
"../../../Engine/Content/VREditor/TransformGizmo/PlaneTranslationHandle.uexp" 426
"../../../Engine/Content/VREditor/TransformGizmo/Xray.uasset" 427
"../../../Engine/Content/VREditor/TransformGizmo/Xray.uexp" 428
"../../../Engine/Content/VREditor/TransformGizmo/Main.uasset" 429
"../../../Engine/Content/VREditor/TransformGizmo/Main.uexp" 430
"../../../Engine/Content/VREditor/TransformGizmo/SM_Sequencer_Key.uasset" 431
"../../../Engine/Content/VREditor/TransformGizmo/SM_Sequencer_Key.uexp" 432
"../../../Engine/Content/VREditor/TransformGizmo/SM_Sequencer_Node.uasset" 433
"../../../Engine/Content/VREditor/TransformGizmo/SM_Sequencer_Node.uexp" 434
"../../../Engine/Plugins/2D/Paper2D/Content/PlaceholderTextures/DummySpriteTexture.uasset" 435
"../../../Engine/Plugins/2D/Paper2D/Content/PlaceholderTextures/DummySpriteTexture.uexp" 436
"../../../Engine/Plugins/2D/Paper2D/Content/PlaceholderTextures/DummySpriteTexture.ubulk" 437
"../../../Engine/Plugins/2D/Paper2D/Content/DummySprite.uasset" 438
"../../../Engine/Plugins/2D/Paper2D/Content/DummySprite.uexp" 439
"../../../Engine/Plugins/2D/Paper2D/Content/DefaultPaperTerrainMaterial.uasset" 440
"../../../Engine/Plugins/2D/Paper2D/Content/DefaultPaperTerrainMaterial.uexp" 441
"../../../Engine/Plugins/2D/Paper2D/Content/DefaultSpriteMaterial.uasset" 442
"../../../Engine/Plugins/2D/Paper2D/Content/DefaultSpriteMaterial.uexp" 443
"../../../Engine/Plugins/2D/Paper2D/Content/MaskedUnlitSpriteMaterial.uasset" 444
"../../../Engine/Plugins/2D/Paper2D/Content/MaskedUnlitSpriteMaterial.uexp" 445
"../../../Engine/Plugins/2D/Paper2D/Content/OpaqueUnlitSpriteMaterial.uasset" 446
"../../../Engine/Plugins/2D/Paper2D/Content/OpaqueUnlitSpriteMaterial.uexp" 447
"../../../Engine/Content/Functions/Engine_MaterialFunctions02/Utility/BreakOutFloat3Components.uasset" 448
"../../../Engine/Content/Functions/Engine_MaterialFunctions02/Utility/BreakOutFloat3Components.uexp" 449
"../../../Engine/Plugins/Editor/SpeedTreeImporter/Content/SpeedTree9/UnpackInteger3.uasset" 450
"../../../Engine/Plugins/Editor/SpeedTreeImporter/Content/SpeedTree9/UnpackInteger3.uexp" 451
"../../../Engine/Plugins/Editor/SpeedTreeImporter/Content/SpeedTree9/UnpackDirection.uasset" 452
"../../../Engine/Plugins/Editor/SpeedTreeImporter/Content/SpeedTree9/UnpackDirection.uexp" 453
"../../../Engine/Plugins/Editor/SpeedTreeImporter/Content/SpeedTree9/game_wind_noise.uasset" 454
"../../../Engine/Plugins/Editor/SpeedTreeImporter/Content/SpeedTree9/game_wind_noise.uexp" 455
"../../../Engine/Plugins/Editor/SpeedTreeImporter/Content/SpeedTree9/game_wind_noise.ubulk" 456
"../../../Engine/Content/Functions/Engine_MaterialFunctions02/SafeNormalize.uasset" 457
"../../../Engine/Content/Functions/Engine_MaterialFunctions02/SafeNormalize.uexp" 458
"../../../Engine/Plugins/Editor/SpeedTreeImporter/Content/SpeedTree9/SpeedTreeWindMotion.uasset" 459
"../../../Engine/Plugins/Editor/SpeedTreeImporter/Content/SpeedTree9/SpeedTreeWindMotion.uexp" 460
"../../../Engine/Plugins/Editor/SpeedTreeImporter/Content/SpeedTree9/SpeedTreeBranchMotion.uasset" 461
"../../../Engine/Plugins/Editor/SpeedTreeImporter/Content/SpeedTree9/SpeedTreeBranchMotion.uexp" 462
"../../../Engine/Content/Functions/Engine_MaterialFunctions02/ObjectLocalBounds.uasset" 463
"../../../Engine/Content/Functions/Engine_MaterialFunctions02/ObjectLocalBounds.uexp" 464
"../../../Engine/Content/Functions/Engine_MaterialFunctions02/UVs/BoundingBoxBased_0-1_UVW.uasset" 465
"../../../Engine/Content/Functions/Engine_MaterialFunctions02/UVs/BoundingBoxBased_0-1_UVW.uexp" 466
"../../../Engine/Content/Functions/Engine_MaterialFunctions02/Utility/VectorLength.uasset" 467
"../../../Engine/Content/Functions/Engine_MaterialFunctions02/Utility/VectorLength.uexp" 468
"../../../Engine/Content/Functions/Engine_MaterialFunctions02/WorldPositionOffset/ObjectScale.uasset" 469
"../../../Engine/Content/Functions/Engine_MaterialFunctions02/WorldPositionOffset/ObjectScale.uexp" 470
"../../../Engine/Plugins/Editor/SpeedTreeImporter/Content/SpeedTree9/SpeedTreeWind.uasset" 471
"../../../Engine/Plugins/Editor/SpeedTreeImporter/Content/SpeedTree9/SpeedTreeWind.uexp" 472
"../../../Engine/Plugins/Editor/SpeedTreeImporter/Content/SpeedTree9/SpeedTreeBillboard.uasset" 473
"../../../Engine/Plugins/Editor/SpeedTreeImporter/Content/SpeedTree9/SpeedTreeBillboard.uexp" 474
"../../../Engine/Plugins/Editor/SpeedTreeImporter/Content/SpeedTree9/EmptyNormal.uasset" 475
"../../../Engine/Plugins/Editor/SpeedTreeImporter/Content/SpeedTree9/EmptyNormal.uexp" 476
"../../../Engine/Plugins/Editor/SpeedTreeImporter/Content/SpeedTree9/Empty.uasset" 477
"../../../Engine/Plugins/Editor/SpeedTreeImporter/Content/SpeedTree9/Empty.uexp" 478
"../../../Engine/Plugins/Editor/SpeedTreeImporter/Content/SpeedTree9/SpeedTreeBillboardMaster.uasset" 479
"../../../Engine/Plugins/Editor/SpeedTreeImporter/Content/SpeedTree9/SpeedTreeBillboardMaster.uexp" 480
"../../../Engine/Plugins/Editor/SpeedTreeImporter/Content/SpeedTree9/SpeedTreeCameraFacing.uasset" 481
"../../../Engine/Plugins/Editor/SpeedTreeImporter/Content/SpeedTree9/SpeedTreeCameraFacing.uexp" 482
"../../../Engine/Plugins/Editor/SpeedTreeImporter/Content/SpeedTree9/SpeedTreeMaster.uasset" 483
"../../../Engine/Plugins/Editor/SpeedTreeImporter/Content/SpeedTree9/SpeedTreeMaster.uexp" 484
"../../../Engine/Content/ArtTools/RenderToTexture/Materials/Debug/M_Emissive_Color.uasset" 485
"../../../Engine/Content/ArtTools/RenderToTexture/Materials/Debug/M_Emissive_Color.uexp" 486
"../../../Engine/Content/BasicShapes/Cylinder.uasset" 487
"../../../Engine/Content/BasicShapes/Cylinder.uexp" 488
"../../../Engine/Plugins/Runtime/OpenXR/Content/Devices/GoogleDaydream/MRTexture.uasset" 489
"../../../Engine/Plugins/Runtime/OpenXR/Content/Devices/GoogleDaydream/MRTexture.uexp" 490
"../../../Engine/Plugins/Runtime/OpenXR/Content/Devices/GoogleDaydream/MRTexture.ubulk" 491
"../../../Engine/Plugins/Runtime/OpenXR/Content/Devices/GoogleDaydream/BaseTexture.uasset" 492
"../../../Engine/Plugins/Runtime/OpenXR/Content/Devices/GoogleDaydream/BaseTexture.uexp" 493
"../../../Engine/Plugins/Runtime/OpenXR/Content/Devices/GoogleDaydream/BaseTexture.ubulk" 494
"../../../Engine/Content/EngineResources/Black.uasset" 495
"../../../Engine/Content/EngineResources/Black.uexp" 496
"../../../Engine/Plugins/Runtime/OpenXR/Content/Devices/M_XRController.uasset" 497
"../../../Engine/Plugins/Runtime/OpenXR/Content/Devices/M_XRController.uexp" 498
"../../../Engine/Plugins/Runtime/OpenXR/Content/Devices/GoogleDaydream/MI_GoogleDaydream.uasset" 499
"../../../Engine/Plugins/Runtime/OpenXR/Content/Devices/GoogleDaydream/MI_GoogleDaydream.uexp" 500
"../../../Engine/Plugins/Runtime/OpenXR/Content/Devices/GoogleDaydream/GoogleDaydreamController.uasset" 501
"../../../Engine/Plugins/Runtime/OpenXR/Content/Devices/GoogleDaydream/GoogleDaydreamController.uexp" 502
"../../../Engine/Plugins/Runtime/OpenXR/Content/Devices/HTCVive/BaseTexture.uasset" 503
"../../../Engine/Plugins/Runtime/OpenXR/Content/Devices/HTCVive/BaseTexture.uexp" 504
"../../../Engine/Plugins/Runtime/OpenXR/Content/Devices/HTCVive/BaseTexture.ubulk" 505
"../../../Engine/Plugins/Runtime/OpenXR/Content/Devices/HTCVive/MI_HTCVive.uasset" 506
"../../../Engine/Plugins/Runtime/OpenXR/Content/Devices/HTCVive/MI_HTCVive.uexp" 507
"../../../Engine/Plugins/Runtime/OpenXR/Content/Devices/HTCVive/HTCViveController.uasset" 508
"../../../Engine/Plugins/Runtime/OpenXR/Content/Devices/HTCVive/HTCViveController.uexp" 509
"../../../Engine/Plugins/Runtime/OpenXR/Content/Devices/MicrosoftMixedReality/NormalTexture.uasset" 510
"../../../Engine/Plugins/Runtime/OpenXR/Content/Devices/MicrosoftMixedReality/NormalTexture.uexp" 511
"../../../Engine/Plugins/Runtime/OpenXR/Content/Devices/MicrosoftMixedReality/NormalTexture.ubulk" 512
"../../../Engine/Plugins/Runtime/OpenXR/Content/Devices/MicrosoftMixedReality/MRTexture.uasset" 513
"../../../Engine/Plugins/Runtime/OpenXR/Content/Devices/MicrosoftMixedReality/MRTexture.uexp" 514
"../../../Engine/Plugins/Runtime/OpenXR/Content/Devices/MicrosoftMixedReality/MRTexture.ubulk" 515
"../../../Engine/Plugins/Runtime/OpenXR/Content/Devices/MicrosoftMixedReality/EmissiveTexture.uasset" 516
"../../../Engine/Plugins/Runtime/OpenXR/Content/Devices/MicrosoftMixedReality/EmissiveTexture.uexp" 517
"../../../Engine/Plugins/Runtime/OpenXR/Content/Devices/MicrosoftMixedReality/EmissiveTexture.ubulk" 518
"../../../Engine/Plugins/Runtime/OpenXR/Content/Devices/MicrosoftMixedReality/BaseTexture.uasset" 519
"../../../Engine/Plugins/Runtime/OpenXR/Content/Devices/MicrosoftMixedReality/BaseTexture.uexp" 520
"../../../Engine/Plugins/Runtime/OpenXR/Content/Devices/MicrosoftMixedReality/BaseTexture.ubulk" 521
"../../../Engine/Plugins/Runtime/OpenXR/Content/Devices/MicrosoftMixedReality/MI_MicrosoftMixedReality.uasset" 522
"../../../Engine/Plugins/Runtime/OpenXR/Content/Devices/MicrosoftMixedReality/MI_MicrosoftMixedReality.uexp" 523
"../../../Engine/Plugins/Runtime/OpenXR/Content/Devices/MicrosoftMixedReality/Left/left_MicrosoftMixedRealityController.uasset" 524
"../../../Engine/Plugins/Runtime/OpenXR/Content/Devices/MicrosoftMixedReality/Left/left_MicrosoftMixedRealityController.uexp" 525
"../../../Engine/Plugins/Runtime/OpenXR/Content/Devices/MicrosoftMixedReality/Right/right_MicrosoftMixedRealityController.uasset" 526
"../../../Engine/Plugins/Runtime/OpenXR/Content/Devices/MicrosoftMixedReality/Right/right_MicrosoftMixedRealityController.uexp" 527
"../../../Engine/Plugins/Runtime/OpenXR/Content/Devices/OculusGo/BaseTexture.uasset" 528
"../../../Engine/Plugins/Runtime/OpenXR/Content/Devices/OculusGo/BaseTexture.uexp" 529
"../../../Engine/Plugins/Runtime/OpenXR/Content/Devices/OculusGo/BaseTexture.ubulk" 530
"../../../Engine/Plugins/Runtime/OpenXR/Content/Devices/OculusGo/MI_OculusGo.uasset" 531
"../../../Engine/Plugins/Runtime/OpenXR/Content/Devices/OculusGo/MI_OculusGo.uexp" 532
"../../../Engine/Plugins/Runtime/OpenXR/Content/Devices/OculusGo/OculusGoController.uasset" 533
"../../../Engine/Plugins/Runtime/OpenXR/Content/Devices/OculusGo/OculusGoController.uexp" 534
"../../../Engine/Plugins/Runtime/OpenXR/Content/Devices/OculusTouch/MRTexture.uasset" 535
"../../../Engine/Plugins/Runtime/OpenXR/Content/Devices/OculusTouch/MRTexture.uexp" 536
"../../../Engine/Plugins/Runtime/OpenXR/Content/Devices/OculusTouch/MRTexture.ubulk" 537
"../../../Engine/Plugins/Runtime/OpenXR/Content/Devices/OculusTouch/BaseTexture.uasset" 538
"../../../Engine/Plugins/Runtime/OpenXR/Content/Devices/OculusTouch/BaseTexture.uexp" 539
"../../../Engine/Plugins/Runtime/OpenXR/Content/Devices/OculusTouch/BaseTexture.ubulk" 540
"../../../Engine/Plugins/Runtime/OpenXR/Content/Devices/OculusTouch/MI_OculusTouch.uasset" 541
"../../../Engine/Plugins/Runtime/OpenXR/Content/Devices/OculusTouch/MI_OculusTouch.uexp" 542
"../../../Engine/Plugins/Runtime/OpenXR/Content/Devices/OculusTouch/Left/left_OculusTouchController.uasset" 543
"../../../Engine/Plugins/Runtime/OpenXR/Content/Devices/OculusTouch/Left/left_OculusTouchController.uexp" 544
"../../../Engine/Plugins/Runtime/OpenXR/Content/Devices/OculusTouch/Right/right_OculusTouchController.uasset" 545
"../../../Engine/Plugins/Runtime/OpenXR/Content/Devices/OculusTouch/Right/right_OculusTouchController.uexp" 546
"../../../Engine/Plugins/Runtime/OpenXR/Content/Devices/OculusTouch_v2/MRTexture.uasset" 547
"../../../Engine/Plugins/Runtime/OpenXR/Content/Devices/OculusTouch_v2/MRTexture.uexp" 548
"../../../Engine/Plugins/Runtime/OpenXR/Content/Devices/OculusTouch_v2/MRTexture.ubulk" 549
"../../../Engine/Plugins/Runtime/OpenXR/Content/Devices/OculusTouch_v2/BaseTexture.uasset" 550
"../../../Engine/Plugins/Runtime/OpenXR/Content/Devices/OculusTouch_v2/BaseTexture.uexp" 551
"../../../Engine/Plugins/Runtime/OpenXR/Content/Devices/OculusTouch_v2/BaseTexture.ubulk" 552
"../../../Engine/Plugins/Runtime/OpenXR/Content/Devices/OculusTouch_v2/MI_OculusTouch_v2.uasset" 553
"../../../Engine/Plugins/Runtime/OpenXR/Content/Devices/OculusTouch_v2/MI_OculusTouch_v2.uexp" 554
"../../../Engine/Plugins/Runtime/OpenXR/Content/Devices/OculusTouch_v2/Left/left_OculusTouch_v2Controller.uasset" 555
"../../../Engine/Plugins/Runtime/OpenXR/Content/Devices/OculusTouch_v2/Left/left_OculusTouch_v2Controller.uexp" 556
"../../../Engine/Plugins/Runtime/OpenXR/Content/Devices/OculusTouch_v2/Right/right_OculusTouch_v2Controller.uasset" 557
"../../../Engine/Plugins/Runtime/OpenXR/Content/Devices/OculusTouch_v2/Right/right_OculusTouch_v2Controller.uexp" 558
"../../../Engine/Plugins/Runtime/OpenXR/Content/Devices/OculusTouch_v3/MRTexture.uasset" 559
"../../../Engine/Plugins/Runtime/OpenXR/Content/Devices/OculusTouch_v3/MRTexture.uexp" 560
"../../../Engine/Plugins/Runtime/OpenXR/Content/Devices/OculusTouch_v3/MRTexture.ubulk" 561
"../../../Engine/Plugins/Runtime/OpenXR/Content/Devices/OculusTouch_v3/BaseTexture.uasset" 562
"../../../Engine/Plugins/Runtime/OpenXR/Content/Devices/OculusTouch_v3/BaseTexture.uexp" 563
"../../../Engine/Plugins/Runtime/OpenXR/Content/Devices/OculusTouch_v3/BaseTexture.ubulk" 564
"../../../Engine/Plugins/Runtime/OpenXR/Content/Devices/OculusTouch_v3/MI_OculusTouch_v3.uasset" 565
"../../../Engine/Plugins/Runtime/OpenXR/Content/Devices/OculusTouch_v3/MI_OculusTouch_v3.uexp" 566
"../../../Engine/Plugins/Runtime/OpenXR/Content/Devices/OculusTouch_v3/Left/left_OculusTouch_v3Controller.uasset" 567
"../../../Engine/Plugins/Runtime/OpenXR/Content/Devices/OculusTouch_v3/Left/left_OculusTouch_v3Controller.uexp" 568
"../../../Engine/Plugins/Runtime/OpenXR/Content/Devices/OculusTouch_v3/Right/right_OculusTouch_v3Controller.uasset" 569
"../../../Engine/Plugins/Runtime/OpenXR/Content/Devices/OculusTouch_v3/Right/right_OculusTouch_v3Controller.uexp" 570
"../../../Engine/Plugins/Runtime/OpenXR/Content/Devices/ValveIndex/MRTexture.uasset" 571
"../../../Engine/Plugins/Runtime/OpenXR/Content/Devices/ValveIndex/MRTexture.uexp" 572
"../../../Engine/Plugins/Runtime/OpenXR/Content/Devices/ValveIndex/MRTexture.ubulk" 573
"../../../Engine/Plugins/Runtime/OpenXR/Content/Devices/ValveIndex/BaseTexture.uasset" 574
"../../../Engine/Plugins/Runtime/OpenXR/Content/Devices/ValveIndex/BaseTexture.uexp" 575
"../../../Engine/Plugins/Runtime/OpenXR/Content/Devices/ValveIndex/BaseTexture.ubulk" 576
"../../../Engine/Plugins/Runtime/OpenXR/Content/Devices/ValveIndex/Left/MI_left_ValveIndex.uasset" 577
"../../../Engine/Plugins/Runtime/OpenXR/Content/Devices/ValveIndex/Left/MI_left_ValveIndex.uexp" 578
"../../../Engine/Plugins/Runtime/OpenXR/Content/Devices/ValveIndex/Left/left_ValveIndexController.uasset" 579
"../../../Engine/Plugins/Runtime/OpenXR/Content/Devices/ValveIndex/Left/left_ValveIndexController.uexp" 580
"../../../Engine/Plugins/Runtime/OpenXR/Content/Devices/ValveIndex/Right/MI_right_ValveIndex.uasset" 581
"../../../Engine/Plugins/Runtime/OpenXR/Content/Devices/ValveIndex/Right/MI_right_ValveIndex.uexp" 582
"../../../Engine/Plugins/Runtime/OpenXR/Content/Devices/ValveIndex/Right/right_ValveIndexController.uasset" 583
"../../../Engine/Plugins/Runtime/OpenXR/Content/Devices/ValveIndex/Right/right_ValveIndexController.uexp" 584
"../../../Engine/Content/Functions/Engine_MaterialFunctions02/Utility/BreakOutFloat4Components.uasset" 585
"../../../Engine/Content/Functions/Engine_MaterialFunctions02/Utility/BreakOutFloat4Components.uexp" 586
"../../../Engine/Content/Functions/Engine_MaterialFunctions02/Utility/MakeFloat3.uasset" 587
"../../../Engine/Content/Functions/Engine_MaterialFunctions02/Utility/MakeFloat3.uexp" 588
"../../../Engine/Plugins/Runtime/Oculus/OculusVR/Content/Materials/OculusMR_ChromaKey.uasset" 589
"../../../Engine/Plugins/Runtime/Oculus/OculusVR/Content/Materials/OculusMR_ChromaKey.uexp" 590
"../../../Engine/Plugins/Runtime/Oculus/OculusVR/Content/Materials/OculusMR_OpaqueColoredMaterial.uasset" 591
"../../../Engine/Plugins/Runtime/Oculus/OculusVR/Content/Materials/OculusMR_OpaqueColoredMaterial.uexp" 592
"../../../Engine/Plugins/Runtime/Oculus/OculusVR/Content/Materials/PokeAHoleMaterial.uasset" 593
"../../../Engine/Plugins/Runtime/Oculus/OculusVR/Content/Materials/PokeAHoleMaterial.uexp" 594
"../../../Engine/Plugins/Runtime/Oculus/OculusVR/Content/Textures/touchController_controlmap.uasset" 595
"../../../Engine/Plugins/Runtime/Oculus/OculusVR/Content/Textures/touchController_controlmap.uexp" 596
"../../../Engine/Plugins/Runtime/Oculus/OculusVR/Content/Textures/touchController_controlmap.ubulk" 597
"../../../Engine/Plugins/Runtime/Oculus/OculusVR/Content/Textures/touchController_albedo.uasset" 598
"../../../Engine/Plugins/Runtime/Oculus/OculusVR/Content/Textures/touchController_albedo.uexp" 599
"../../../Engine/Plugins/Runtime/Oculus/OculusVR/Content/Textures/touchController_albedo.ubulk" 600
"../../../Engine/Plugins/Runtime/Oculus/OculusVR/Content/Materials/touchController_mat.uasset" 601
"../../../Engine/Plugins/Runtime/Oculus/OculusVR/Content/Materials/touchController_mat.uexp" 602
"../../../Engine/Plugins/Runtime/Oculus/OculusVR/Content/Meshes/LeftTouchController.uasset" 603
"../../../Engine/Plugins/Runtime/Oculus/OculusVR/Content/Meshes/LeftTouchController.uexp" 604
"../../../Engine/Plugins/Runtime/Oculus/OculusVR/Content/Textures/TouchForQuestRiftSController_albedo.uasset" 605
"../../../Engine/Plugins/Runtime/Oculus/OculusVR/Content/Textures/TouchForQuestRiftSController_albedo.uexp" 606
"../../../Engine/Plugins/Runtime/Oculus/OculusVR/Content/Textures/TouchForQuestRiftSController_albedo.ubulk" 607
"../../../Engine/Plugins/Runtime/Oculus/OculusVR/Content/Materials/TouchForQuestRiftSControllerMaterial.uasset" 608
"../../../Engine/Plugins/Runtime/Oculus/OculusVR/Content/Materials/TouchForQuestRiftSControllerMaterial.uexp" 609
"../../../Engine/Plugins/Runtime/Oculus/OculusVR/Content/Meshes/LeftTouchForQuestRiftSController.uasset" 610
"../../../Engine/Plugins/Runtime/Oculus/OculusVR/Content/Meshes/LeftTouchForQuestRiftSController.uexp" 611
"../../../Engine/Plugins/Runtime/Oculus/OculusVR/Content/Meshes/RiftHMD.uasset" 612
"../../../Engine/Plugins/Runtime/Oculus/OculusVR/Content/Meshes/RiftHMD.uexp" 613
"../../../Engine/Plugins/Runtime/Oculus/OculusVR/Content/Meshes/RightTouchController.uasset" 614
"../../../Engine/Plugins/Runtime/Oculus/OculusVR/Content/Meshes/RightTouchController.uexp" 615
"../../../Engine/Plugins/Runtime/Oculus/OculusVR/Content/Meshes/RightTouchForQuestRiftSController.uasset" 616
"../../../Engine/Plugins/Runtime/Oculus/OculusVR/Content/Meshes/RightTouchForQuestRiftSController.uexp" 617
"../../../Engine/Content/EngineSky/T_Sky_Stars.uasset" 618
"../../../Engine/Content/EngineSky/T_Sky_Stars.uexp" 619
"../../../Engine/Content/EngineSky/T_Sky_Stars.ubulk" 620
"../../../Engine/Content/EngineSky/T_Sky_Clouds_M.uasset" 621
"../../../Engine/Content/EngineSky/T_Sky_Clouds_M.uexp" 622
"../../../Engine/Content/EngineSky/T_Sky_Clouds_M.ubulk" 623
"../../../Engine/Content/EngineSky/T_Sky_Blue.uasset" 624
"../../../Engine/Content/EngineSky/T_Sky_Blue.uexp" 625
"../../../Engine/Content/EngineSky/T_Sky_Blue.ubulk" 626
"../../../Engine/Content/EngineSky/M_Sky_Panning_Clouds2.uasset" 627
"../../../Engine/Content/EngineSky/M_Sky_Panning_Clouds2.uexp" 628
"../../../_Games/NetShootGame/Content/ThirdPersonCPP/Maps/ThirdPersonExampleMap_BuiltData.uasset" 629
"../../../_Games/NetShootGame/Content/ThirdPersonCPP/Maps/ThirdPersonExampleMap_BuiltData.uexp" 630
"../../../_Games/NetShootGame/Content/ThirdPersonCPP/Maps/ThirdPersonExampleMap_BuiltData.ubulk" 631
"../../../Engine/Content/EngineSky/SM_SkySphere.uasset" 632
"../../../Engine/Content/EngineSky/SM_SkySphere.uexp" 633
"../../../Engine/Content/EngineSky/C_Sky_Zenith_Color.uasset" 634
"../../../Engine/Content/EngineSky/C_Sky_Zenith_Color.uexp" 635
"../../../Engine/Content/EngineSky/C_Sky_Horizon_Color.uasset" 636
"../../../Engine/Content/EngineSky/C_Sky_Horizon_Color.uexp" 637
"../../../Engine/Content/EngineSky/C_Sky_Cloud_Color.uasset" 638
"../../../Engine/Content/EngineSky/C_Sky_Cloud_Color.uexp" 639
"../../../Engine/Content/EngineSky/BP_Sky_Sphere.uasset" 640
"../../../Engine/Content/EngineSky/BP_Sky_Sphere.uexp" 641
"../../../_Games/NetShootGame/Content/ThirdPerson/Meshes/RampMaterial.uasset" 642
"../../../_Games/NetShootGame/Content/ThirdPerson/Meshes/RampMaterial.uexp" 643
"../../../_Games/NetShootGame/Content/ThirdPerson/Meshes/RightArm_StaticMesh.uasset" 644
"../../../_Games/NetShootGame/Content/ThirdPerson/Meshes/RightArm_StaticMesh.uexp" 645
"../../../_Games/NetShootGame/Content/ThirdPerson/Meshes/Ramp_StaticMesh.uasset" 646
"../../../_Games/NetShootGame/Content/ThirdPerson/Meshes/Ramp_StaticMesh.uexp" 647
"../../../_Games/NetShootGame/Content/ThirdPerson/Meshes/Linear_Stair_StaticMesh.uasset" 648
"../../../_Games/NetShootGame/Content/ThirdPerson/Meshes/Linear_Stair_StaticMesh.uexp" 649
"../../../_Games/NetShootGame/Content/ThirdPerson/Meshes/LeftArm_StaticMesh.uasset" 650
"../../../_Games/NetShootGame/Content/ThirdPerson/Meshes/LeftArm_StaticMesh.uexp" 651
"../../../_Games/NetShootGame/Content/ThirdPerson/Meshes/Bump_StaticMesh.uasset" 652
"../../../_Games/NetShootGame/Content/ThirdPerson/Meshes/Bump_StaticMesh.uexp" 653
"../../../_Games/NetShootGame/Content/Geometry/Meshes/CubeMaterial.uasset" 654
"../../../_Games/NetShootGame/Content/Geometry/Meshes/CubeMaterial.uexp" 655
"../../../_Games/NetShootGame/Content/Geometry/Meshes/TemplateFloor.uasset" 656
"../../../_Games/NetShootGame/Content/Geometry/Meshes/TemplateFloor.uexp" 657
"../../../_Games/NetShootGame/Content/Geometry/Meshes/1M_Cube_Chamfer.uasset" 658
"../../../_Games/NetShootGame/Content/Geometry/Meshes/1M_Cube_Chamfer.uexp" 659
"../../../_Games/NetShootGame/Content/Geometry/Meshes/1M_Cube.uasset" 660
"../../../_Games/NetShootGame/Content/Geometry/Meshes/1M_Cube.uexp" 661
"../../../_Games/NetShootGame/Content/ThirdPersonCPP/Maps/ThirdPersonExampleMap.uexp" 662
"../../../_Games/NetShootGame/Content/ThirdPersonCPP/Maps/ThirdPersonExampleMap.umap" 663
"../../../Engine/Content/BasicShapes/Plane.uasset" 664
"../../../Engine/Content/BasicShapes/Plane.uexp" 665
"../../../Engine/Content/BasicShapes/BasicShapeMaterial.uasset" 666
"../../../Engine/Content/BasicShapes/BasicShapeMaterial.uexp" 667
"../../../_Games/NetShootGame/Content/AMaps/MainMap_BuiltData.uasset" 668
"../../../_Games/NetShootGame/Content/AMaps/MainMap_BuiltData.uexp" 669
"../../../_Games/NetShootGame/Content/AMaps/MainMap_BuiltData.ubulk" 670
"../../../_Games/NetShootGame/Content/AMaps/MainMap.uexp" 671
"../../../_Games/NetShootGame/Content/AMaps/MainMap.umap" 672
"../../../_Games/NetShootGame/Content/AUI/MainMenuLevel.uexp" 673
"../../../_Games/NetShootGame/Content/AUI/MainMenuLevel.umap" 674
"../../../_Games/NetShootGame/Content/AUI/FixedViewer.uasset" 675
"../../../_Games/NetShootGame/Content/AUI/FixedViewer.uexp" 676
"../../../_Games/NetShootGame/Content/AGamePlay/BP_NetShootGameMode.uasset" 677
"../../../_Games/NetShootGame/Content/AGamePlay/BP_NetShootGameMode.uexp" 678
"../../../_Games/NetShootGame/Content/AUI/SessionRoomLevel.uexp" 679
"../../../_Games/NetShootGame/Content/AUI/SessionRoomLevel.umap" 680
"../../../_Games/NetShootGame/Content/AUI/CharacterShow.uasset" 681
"../../../_Games/NetShootGame/Content/AUI/CharacterShow.uexp" 682
"../../../_Games/NetShootGame/Content/AUI/Material/CircleCurve.uasset" 683
"../../../_Games/NetShootGame/Content/AUI/Material/CircleCurve.uexp" 684
"../../../_Games/NetShootGame/Content/AUI/Material/CircleCurveInstance.uasset" 685
"../../../_Games/NetShootGame/Content/AUI/Material/CircleCurveInstance.uexp" 686
"../../../_Games/NetShootGame/Content/AUI/Material/CircleMaterial.uasset" 687
"../../../_Games/NetShootGame/Content/AUI/Material/CircleMaterial.uexp" 688
"../../../_Games/NetShootGame/Content/AUI/SessionRoomUILevel.uexp" 689
"../../../_Games/NetShootGame/Content/AUI/SessionRoomUILevel.umap" 690
"../../../Engine/Content/Maps/Entry_BuiltData.uasset" 691
"../../../Engine/Content/Maps/Entry_BuiltData.uexp" 692
"../../../Engine/Content/Maps/Entry.uexp" 693
"../../../Engine/Content/Maps/Entry.umap" 694
